c:\users\zsh\documents\visual studio 2017\projects\graph - 副本\graph\debug\vc141.pdb
c:\users\zsh\documents\visual studio 2017\projects\graph - 副本\graph\debug\vc141.idb
c:\users\zsh\documents\visual studio 2017\projects\graph - 副本\graph\debug\bezier.obj
c:\users\zsh\documents\visual studio 2017\projects\graph - 副本\graph\debug\circle.obj
c:\users\zsh\documents\visual studio 2017\projects\graph - 副本\graph\debug\display.obj
c:\users\zsh\documents\visual studio 2017\projects\graph - 副本\graph\debug\ellipse.obj
c:\users\zsh\documents\visual studio 2017\projects\graph - 副本\graph\debug\main.obj
c:\users\zsh\documents\visual studio 2017\projects\graph - 副本\graph\debug\shape.obj
c:\users\zsh\documents\visual studio 2017\projects\graph - 副本\graph\debug\line.obj
c:\users\zsh\documents\visual studio 2017\projects\graph - 副本\graph\debug\polygon.obj
c:\users\zsh\documents\visual studio 2017\projects\graph - 副本\graph\debug\control.obj
c:\users\zsh\documents\visual studio 2017\projects\graph - 副本\graph\debug\graph.obj
c:\users\zsh\documents\visual studio 2017\projects\graph - 副本\debug\graph-2.ilk
c:\users\zsh\documents\visual studio 2017\projects\graph - 副本\debug\graph-2.exe
c:\users\zsh\documents\visual studio 2017\projects\graph - 副本\debug\graph-2.pdb
c:\users\zsh\documents\visual studio 2017\projects\graph - 副本\graph\debug\graph-2.tlog\cl.command.1.tlog
c:\users\zsh\documents\visual studio 2017\projects\graph - 副本\graph\debug\graph-2.tlog\cl.read.1.tlog
c:\users\zsh\documents\visual studio 2017\projects\graph - 副本\graph\debug\graph-2.tlog\cl.write.1.tlog
c:\users\zsh\documents\visual studio 2017\projects\graph - 副本\graph\debug\graph-2.tlog\link.command.1.tlog
c:\users\zsh\documents\visual studio 2017\projects\graph - 副本\graph\debug\graph-2.tlog\link.read.1.tlog
c:\users\zsh\documents\visual studio 2017\projects\graph - 副本\graph\debug\graph-2.tlog\link.write.1.tlog
